{"/Users/luiseduardobrito/Projects/nano/nano-monorepo/packages/app/examples/simple.ts": {"path":"/Users/luiseduardobrito/Projects/nano/nano-monorepo/packages/app/examples/simple.ts","statementMap":{"0":{"start":{"line":1,"column":0},"end":{"line":1,"column":37}},"1":{"start":{"line":2,"column":0},"end":{"line":2,"column":61}},"2":{"start":{"line":15,"column":2},"end":{"line":15,"column":null}},"3":{"start":{"line":14,"column":0},"end":{"line":14,"column":13}}},"fnMap":{"0":{"name":"(anonymous_0)","decl":{"start":{"line":14,"column":0},"end":{"line":14,"column":13}},"loc":{"start":{"line":14,"column":0},"end":{"line":16,"column":1}}}},"branchMap":{},"s":{"0":1,"1":1,"2":1,"3":1},"f":{"0":1},"b":{}}
,"/Users/luiseduardobrito/Projects/nano/nano-monorepo/packages/app/examples/components/TimerComponent.ts": {"path":"/Users/luiseduardobrito/Projects/nano/nano-monorepo/packages/app/examples/components/TimerComponent.ts","statementMap":{"0":{"start":{"line":1,"column":0},"end":{"line":1,"column":49}},"1":{"start":{"line":5,"column":2},"end":{"line":5,"column":32}},"2":{"start":{"line":8,"column":2},"end":{"line":12,"column":4}},"3":{"start":{"line":15,"column":2},"end":{"line":15,"column":29}},"4":{"start":{"line":16,"column":2},"end":{"line":16,"column":40}},"5":{"start":{"line":24,"column":4},"end":{"line":24,"column":17}},"6":{"start":{"line":29,"column":4},"end":{"line":29,"column":66}},"7":{"start":{"line":30,"column":4},"end":{"line":30,"column":17}},"8":{"start":{"line":35,"column":4},"end":{"line":35,"column":81}},"9":{"start":{"line":37,"column":4},"end":{"line":39,"column":null}},"10":{"start":{"line":38,"column":6},"end":{"line":38,"column":35}},"11":{"start":{"line":41,"column":4},"end":{"line":41,"column":27}},"12":{"start":{"line":42,"column":4},"end":{"line":42,"column":30}},"13":{"start":{"line":47,"column":4},"end":{"line":47,"column":70}},"14":{"start":{"line":48,"column":4},"end":{"line":48,"column":38}},"15":{"start":{"line":49,"column":4},"end":{"line":49,"column":70}},"16":{"start":{"line":49,"column":38},"end":{"line":49,"column":49}},"17":{"start":{"line":54,"column":4},"end":{"line":54,"column":36}},"18":{"start":{"line":55,"column":4},"end":{"line":57,"column":null}},"19":{"start":{"line":4,"column":0},"end":{"line":4,"column":13}}},"fnMap":{"0":{"name":"(anonymous_0)","decl":{"start":{"line":4,"column":0},"end":{"line":4,"column":13}},"loc":{"start":{"line":4,"column":0},"end":{"line":59,"column":1}}},"1":{"name":"(anonymous_1)","decl":{"start":{"line":23,"column":9},"end":{"line":23,"column":16}},"loc":{"start":{"line":23,"column":33},"end":{"line":25,"column":3}}},"2":{"name":"(anonymous_2)","decl":{"start":{"line":28,"column":9},"end":{"line":28,"column":18}},"loc":{"start":{"line":28,"column":35},"end":{"line":31,"column":3}}},"3":{"name":"(anonymous_3)","decl":{"start":{"line":34,"column":9},"end":{"line":34,"column":14}},"loc":{"start":{"line":34,"column":14},"end":{"line":43,"column":3}}},"4":{"name":"(anonymous_4)","decl":{"start":{"line":46,"column":9},"end":{"line":46,"column":14}},"loc":{"start":{"line":46,"column":14},"end":{"line":50,"column":3}}},"5":{"name":"(anonymous_5)","decl":{"start":{"line":49,"column":32},"end":{"line":49,"column":35}},"loc":{"start":{"line":49,"column":38},"end":{"line":49,"column":49}}},"6":{"name":"(anonymous_6)","decl":{"start":{"line":53,"column":12},"end":{"line":53,"column":16}},"loc":{"start":{"line":53,"column":16},"end":{"line":58,"column":3}}}},"branchMap":{"0":{"loc":{"start":{"line":37,"column":4},"end":{"line":39,"column":null}},"type":"if","locations":[{"start":{"line":37,"column":4},"end":{"line":39,"column":null}},{"start":{"line":37,"column":4},"end":{"line":39,"column":null}}]}},"s":{"0":1,"1":1,"2":1,"3":1,"4":1,"5":1,"6":1,"7":1,"8":1,"9":1,"10":1,"11":1,"12":1,"13":1,"14":1,"15":1,"16":1,"17":1,"18":1,"19":1},"f":{"0":1,"1":1,"2":1,"3":1,"4":1,"5":1,"6":1},"b":{"0":[1,0]}}
,"/Users/luiseduardobrito/Projects/nano/nano-monorepo/packages/app/lib/Application.ts": {"path":"/Users/luiseduardobrito/Projects/nano/nano-monorepo/packages/app/lib/Application.ts","statementMap":{"0":{"start":{"line":1,"column":0},"end":{"line":1,"column":54}},"1":{"start":{"line":2,"column":0},"end":{"line":2,"column":83}},"2":{"start":{"line":12,"column":19},"end":{"line":12,"column":56}},"3":{"start":{"line":13,"column":4},"end":{"line":13,"column":55}},"4":{"start":{"line":20,"column":4},"end":{"line":20,"column":24}},"5":{"start":{"line":27,"column":4},"end":{"line":27,"column":23}},"6":{"start":{"line":34,"column":4},"end":{"line":34,"column":26}},"7":{"start":{"line":41,"column":4},"end":{"line":41,"column":24}},"8":{"start":{"line":48,"column":4},"end":{"line":48,"column":19}},"9":{"start":{"line":49,"column":4},"end":{"line":49,"column":24}},"10":{"start":{"line":50,"column":4},"end":{"line":50,"column":25}},"11":{"start":{"line":57,"column":4},"end":{"line":57,"column":21}},"12":{"start":{"line":8,"column":0},"end":{"line":8,"column":13}}},"fnMap":{"0":{"name":"(anonymous_6)","decl":{"start":{"line":11,"column":2},"end":{"line":11,"column":14}},"loc":{"start":{"line":11,"column":46},"end":{"line":14,"column":3}}},"1":{"name":"(anonymous_7)","decl":{"start":{"line":19,"column":9},"end":{"line":19,"column":16}},"loc":{"start":{"line":19,"column":16},"end":{"line":21,"column":3}}},"2":{"name":"(anonymous_8)","decl":{"start":{"line":26,"column":15},"end":{"line":26,"column":21}},"loc":{"start":{"line":26,"column":21},"end":{"line":28,"column":null}}},"3":{"name":"(anonymous_11)","decl":{"start":{"line":33,"column":9},"end":{"line":33,"column":18}},"loc":{"start":{"line":33,"column":18},"end":{"line":35,"column":3}}},"4":{"name":"(anonymous_12)","decl":{"start":{"line":40,"column":15},"end":{"line":40,"column":22}},"loc":{"start":{"line":40,"column":22},"end":{"line":42,"column":null}}},"5":{"name":"(anonymous_15)","decl":{"start":{"line":47,"column":15},"end":{"line":47,"column":20}},"loc":{"start":{"line":47,"column":20},"end":{"line":51,"column":null}}},"6":{"name":"(anonymous_17)","decl":{"start":{"line":56,"column":15},"end":{"line":56,"column":19}},"loc":{"start":{"line":56,"column":19},"end":{"line":58,"column":null}}}},"branchMap":{"0":{"loc":{"start":{"line":11,"column":44},"end":{"line":11,"column":46}},"type":"default-arg","locations":[{"start":{"line":11,"column":44},"end":{"line":11,"column":46}}]},"1":{"loc":{"start":{"line":12,"column":19},"end":{"line":12,"column":33}},"type":"binary-expr","locations":[{"start":{"line":12,"column":19},"end":{"line":12,"column":33}},{"start":{"line":12,"column":37},"end":{"line":12,"column":56}}]}},"s":{"0":1,"1":1,"2":1,"3":1,"4":1,"5":1,"6":1,"7":1,"8":1,"9":1,"10":1,"11":1,"12":1},"f":{"0":1,"1":1,"2":1,"3":1,"4":1,"5":1,"6":1},"b":{"0":[1],"1":[1,1]}}
,"/Users/luiseduardobrito/Projects/nano/nano-monorepo/packages/app/lib/index.ts": {"path":"/Users/luiseduardobrito/Projects/nano/nano-monorepo/packages/app/lib/index.ts","statementMap":{"0":{"start":{"line":1,"column":0},"end":{"line":1,"column":30}}},"fnMap":{},"branchMap":{},"s":{"0":1},"f":{},"b":{}}
,"/Users/luiseduardobrito/Projects/nano/nano-monorepo/packages/app/lib/component/ComponentGroup.ts": {"path":"/Users/luiseduardobrito/Projects/nano/nano-monorepo/packages/app/lib/component/ComponentGroup.ts","statementMap":{"0":{"start":{"line":3,"column":0},"end":{"line":3,"column":54}},"1":{"start":{"line":17,"column":21},"end":{"line":17,"column":54}},"2":{"start":{"line":18,"column":4},"end":{"line":18,"column":57}},"3":{"start":{"line":19,"column":4},"end":{"line":19,"column":60}},"4":{"start":{"line":26,"column":4},"end":{"line":26,"column":112}},"5":{"start":{"line":26,"column":95},"end":{"line":26,"column":109}},"6":{"start":{"line":27,"column":4},"end":{"line":29,"column":null}},"7":{"start":{"line":27,"column":17},"end":{"line":27,"column":18}},"8":{"start":{"line":28,"column":6},"end":{"line":28,"column":36}},"9":{"start":{"line":36,"column":4},"end":{"line":36,"column":116}},"10":{"start":{"line":36,"column":99},"end":{"line":36,"column":113}},"11":{"start":{"line":37,"column":4},"end":{"line":41,"column":null}},"12":{"start":{"line":37,"column":17},"end":{"line":37,"column":18}},"13":{"start":{"line":38,"column":6},"end":{"line":40,"column":null}},"14":{"start":{"line":39,"column":8},"end":{"line":39,"column":43}},"15":{"start":{"line":48,"column":4},"end":{"line":48,"column":122}},"16":{"start":{"line":48,"column":105},"end":{"line":48,"column":119}},"17":{"start":{"line":49,"column":4},"end":{"line":53,"column":null}},"18":{"start":{"line":49,"column":17},"end":{"line":49,"column":18}},"19":{"start":{"line":50,"column":6},"end":{"line":52,"column":null}},"20":{"start":{"line":51,"column":8},"end":{"line":51,"column":44}},"21":{"start":{"line":60,"column":4},"end":{"line":60,"column":114}},"22":{"start":{"line":60,"column":97},"end":{"line":60,"column":111}},"23":{"start":{"line":61,"column":4},"end":{"line":63,"column":null}},"24":{"start":{"line":61,"column":17},"end":{"line":61,"column":18}},"25":{"start":{"line":62,"column":6},"end":{"line":62,"column":38}},"26":{"start":{"line":70,"column":4},"end":{"line":70,"column":25}},"27":{"start":{"line":77,"column":4},"end":{"line":77,"column":41}},"28":{"start":{"line":13,"column":0},"end":{"line":13,"column":30}}},"fnMap":{"0":{"name":"(anonymous_6)","decl":{"start":{"line":17,"column":2},"end":{"line":17,"column":21}},"loc":{"start":{"line":17,"column":56},"end":{"line":20,"column":3}}},"1":{"name":"(anonymous_7)","decl":{"start":{"line":25,"column":9},"end":{"line":25,"column":16}},"loc":{"start":{"line":25,"column":33},"end":{"line":30,"column":3}}},"2":{"name":"(anonymous_8)","decl":{"start":{"line":26,"column":90},"end":{"line":26,"column":91}},"loc":{"start":{"line":26,"column":95},"end":{"line":26,"column":109}}},"3":{"name":"(anonymous_9)","decl":{"start":{"line":35,"column":15},"end":{"line":35,"column":21}},"loc":{"start":{"line":35,"column":38},"end":{"line":42,"column":null}}},"4":{"name":"(anonymous_11)","decl":{"start":{"line":36,"column":94},"end":{"line":36,"column":95}},"loc":{"start":{"line":36,"column":99},"end":{"line":36,"column":113}}},"5":{"name":"(anonymous_12)","decl":{"start":{"line":47,"column":15},"end":{"line":47,"column":22}},"loc":{"start":{"line":47,"column":39},"end":{"line":54,"column":null}}},"6":{"name":"(anonymous_14)","decl":{"start":{"line":48,"column":100},"end":{"line":48,"column":101}},"loc":{"start":{"line":48,"column":105},"end":{"line":48,"column":119}}},"7":{"name":"(anonymous_15)","decl":{"start":{"line":59,"column":9},"end":{"line":59,"column":18}},"loc":{"start":{"line":59,"column":35},"end":{"line":64,"column":3}}},"8":{"name":"(anonymous_16)","decl":{"start":{"line":60,"column":92},"end":{"line":60,"column":93}},"loc":{"start":{"line":60,"column":97},"end":{"line":60,"column":111}}},"9":{"name":"(anonymous_17)","decl":{"start":{"line":69,"column":9},"end":{"line":69,"column":19}},"loc":{"start":{"line":69,"column":19},"end":{"line":71,"column":3}}},"10":{"name":"(anonymous_18)","decl":{"start":{"line":76,"column":9},"end":{"line":76,"column":18}},"loc":{"start":{"line":76,"column":39},"end":{"line":78,"column":3}}}},"branchMap":{"0":{"loc":{"start":{"line":17,"column":54},"end":{"line":17,"column":56}},"type":"default-arg","locations":[{"start":{"line":17,"column":54},"end":{"line":17,"column":56}}]},"1":{"loc":{"start":{"line":18,"column":18},"end":{"line":18,"column":32}},"type":"binary-expr","locations":[{"start":{"line":18,"column":18},"end":{"line":18,"column":32}},{"start":{"line":18,"column":36},"end":{"line":18,"column":56}}]},"2":{"loc":{"start":{"line":19,"column":20},"end":{"line":19,"column":36}},"type":"binary-expr","locations":[{"start":{"line":19,"column":20},"end":{"line":19,"column":36}},{"start":{"line":19,"column":40},"end":{"line":19,"column":53}},{"start":{"line":19,"column":57},"end":{"line":19,"column":59}}]},"3":{"loc":{"start":{"line":38,"column":6},"end":{"line":40,"column":null}},"type":"if","locations":[{"start":{"line":38,"column":6},"end":{"line":40,"column":null}},{"start":{"line":38,"column":6},"end":{"line":40,"column":null}}]},"4":{"loc":{"start":{"line":50,"column":6},"end":{"line":52,"column":null}},"type":"if","locations":[{"start":{"line":50,"column":6},"end":{"line":52,"column":null}},{"start":{"line":50,"column":6},"end":{"line":52,"column":null}}]}},"s":{"0":1,"1":1,"2":1,"3":1,"4":1,"5":1,"6":1,"7":1,"8":1,"9":1,"10":1,"11":1,"12":1,"13":1,"14":0,"15":1,"16":1,"17":1,"18":1,"19":1,"20":0,"21":1,"22":1,"23":1,"24":1,"25":1,"26":0,"27":0,"28":1},"f":{"0":1,"1":1,"2":1,"3":1,"4":1,"5":1,"6":1,"7":1,"8":1,"9":0,"10":0},"b":{"0":[0],"1":[1,0],"2":[1,1,1],"3":[0,1],"4":[0,1]}}
,"/Users/luiseduardobrito/Projects/nano/nano-monorepo/packages/errors/dist/BaseError.js": {"path":"/Users/luiseduardobrito/Projects/nano/nano-monorepo/packages/errors/dist/BaseError.js","statementMap":{"0":{"start":{"line":2,"column":0},"end":{"line":2,"column":62}},"1":{"start":{"line":3,"column":13},"end":{"line":3,"column":28}},"2":{"start":{"line":4,"column":16},"end":{"line":4,"column":34}},"3":{"start":{"line":7,"column":8},"end":{"line":11,"column":9}},"4":{"start":{"line":8,"column":12},"end":{"line":10,"column":13}},"5":{"start":{"line":9,"column":16},"end":{"line":9,"column":38}},"6":{"start":{"line":14,"column":0},"end":{"line":14,"column":44}},"7":{"start":{"line":19,"column":22},"end":{"line":19,"column":31}},"8":{"start":{"line":20,"column":8},"end":{"line":33,"column":9}},"9":{"start":{"line":21,"column":12},"end":{"line":21,"column":59}},"10":{"start":{"line":22,"column":12},"end":{"line":22,"column":44}},"11":{"start":{"line":23,"column":12},"end":{"line":23,"column":66}},"12":{"start":{"line":25,"column":13},"end":{"line":33,"column":9}},"13":{"start":{"line":26,"column":12},"end":{"line":26,"column":39}},"14":{"start":{"line":27,"column":12},"end":{"line":27,"column":47}},"15":{"start":{"line":28,"column":12},"end":{"line":28,"column":66}},"16":{"start":{"line":31,"column":12},"end":{"line":31,"column":28}},"17":{"start":{"line":32,"column":12},"end":{"line":32,"column":36}},"18":{"start":{"line":34,"column":8},"end":{"line":34,"column":50}},"19":{"start":{"line":35,"column":8},"end":{"line":35,"column":31}},"20":{"start":{"line":36,"column":8},"end":{"line":36,"column":47}},"21":{"start":{"line":37,"column":8},"end":{"line":37,"column":42}},"22":{"start":{"line":38,"column":8},"end":{"line":38,"column":101}},"23":{"start":{"line":39,"column":8},"end":{"line":47,"column":9}},"24":{"start":{"line":40,"column":12},"end":{"line":40,"column":87}},"25":{"start":{"line":42,"column":13},"end":{"line":47,"column":9}},"26":{"start":{"line":43,"column":12},"end":{"line":43,"column":60}},"27":{"start":{"line":46,"column":12},"end":{"line":46,"column":57}},"28":{"start":{"line":48,"column":8},"end":{"line":55,"column":9}},"29":{"start":{"line":49,"column":12},"end":{"line":54,"column":13}},"30":{"start":{"line":50,"column":16},"end":{"line":50,"column":58}},"31":{"start":{"line":53,"column":16},"end":{"line":53,"column":126}},"32":{"start":{"line":58,"column":20},"end":{"line":58,"column":30}},"33":{"start":{"line":59,"column":8},"end":{"line":66,"column":9}},"34":{"start":{"line":60,"column":12},"end":{"line":65,"column":13}},"35":{"start":{"line":61,"column":16},"end":{"line":61,"column":53}},"36":{"start":{"line":64,"column":16},"end":{"line":64,"column":126}},"37":{"start":{"line":67,"column":8},"end":{"line":72,"column":10}},"38":{"start":{"line":75,"column":20},"end":{"line":75,"column":35}},"39":{"start":{"line":76,"column":8},"end":{"line":78,"column":9}},"40":{"start":{"line":77,"column":12},"end":{"line":77,"column":39}},"41":{"start":{"line":79,"column":8},"end":{"line":79,"column":19}},"42":{"start":{"line":82,"column":0},"end":{"line":82,"column":30}}},"fnMap":{"0":{"name":"(anonymous_0)","decl":{"start":{"line":6,"column":4},"end":{"line":6,"column":5}},"loc":{"start":{"line":6,"column":27},"end":{"line":12,"column":5}},"line":6},"1":{"name":"(anonymous_1)","decl":{"start":{"line":16,"column":4},"end":{"line":16,"column":5}},"loc":{"start":{"line":16,"column":57},"end":{"line":56,"column":5}},"line":16},"2":{"name":"(anonymous_2)","decl":{"start":{"line":57,"column":4},"end":{"line":57,"column":5}},"loc":{"start":{"line":57,"column":15},"end":{"line":73,"column":5}},"line":57},"3":{"name":"(anonymous_3)","decl":{"start":{"line":74,"column":4},"end":{"line":74,"column":5}},"loc":{"start":{"line":74,"column":30},"end":{"line":80,"column":5}},"line":74}},"branchMap":{"0":{"loc":{"start":{"line":6,"column":16},"end":{"line":6,"column":25}},"type":"default-arg","locations":[{"start":{"line":6,"column":23},"end":{"line":6,"column":25}}],"line":6},"1":{"loc":{"start":{"line":8,"column":12},"end":{"line":10,"column":13}},"type":"if","locations":[{"start":{"line":8,"column":12},"end":{"line":10,"column":13}},{"start":{"line":8,"column":12},"end":{"line":10,"column":13}}],"line":8},"2":{"loc":{"start":{"line":16,"column":23},"end":{"line":16,"column":55}},"type":"default-arg","locations":[{"start":{"line":16,"column":33},"end":{"line":16,"column":55}}],"line":16},"3":{"loc":{"start":{"line":20,"column":8},"end":{"line":33,"column":9}},"type":"if","locations":[{"start":{"line":20,"column":8},"end":{"line":33,"column":9}},{"start":{"line":20,"column":8},"end":{"line":33,"column":9}}],"line":20},"4":{"loc":{"start":{"line":20,"column":12},"end":{"line":20,"column":34}},"type":"binary-expr","locations":[{"start":{"line":20,"column":12},"end":{"line":20,"column":17}},{"start":{"line":20,"column":21},"end":{"line":20,"column":34}}],"line":20},"5":{"loc":{"start":{"line":23,"column":22},"end":{"line":23,"column":65}},"type":"binary-expr","locations":[{"start":{"line":23,"column":22},"end":{"line":23,"column":35}},{"start":{"line":23,"column":39},"end":{"line":23,"column":54}},{"start":{"line":23,"column":58},"end":{"line":23,"column":65}}],"line":23},"6":{"loc":{"start":{"line":25,"column":13},"end":{"line":33,"column":9}},"type":"if","locations":[{"start":{"line":25,"column":13},"end":{"line":33,"column":9}},{"start":{"line":25,"column":13},"end":{"line":33,"column":9}}],"line":25},"7":{"loc":{"start":{"line":25,"column":17},"end":{"line":25,"column":62}},"type":"binary-expr","locations":[{"start":{"line":25,"column":17},"end":{"line":25,"column":22}},{"start":{"line":25,"column":26},"end":{"line":25,"column":62}}],"line":25},"8":{"loc":{"start":{"line":28,"column":22},"end":{"line":28,"column":65}},"type":"binary-expr","locations":[{"start":{"line":28,"column":22},"end":{"line":28,"column":35}},{"start":{"line":28,"column":39},"end":{"line":28,"column":54}},{"start":{"line":28,"column":58},"end":{"line":28,"column":65}}],"line":28},"9":{"loc":{"start":{"line":38,"column":23},"end":{"line":38,"column":100}},"type":"cond-expr","locations":[{"start":{"line":38,"column":61},"end":{"line":38,"column":68}},{"start":{"line":38,"column":71},"end":{"line":38,"column":100}}],"line":38},"10":{"loc":{"start":{"line":39,"column":8},"end":{"line":47,"column":9}},"type":"if","locations":[{"start":{"line":39,"column":8},"end":{"line":47,"column":9}},{"start":{"line":39,"column":8},"end":{"line":47,"column":9}}],"line":39},"11":{"loc":{"start":{"line":39,"column":12},"end":{"line":39,"column":51}},"type":"binary-expr","locations":[{"start":{"line":39,"column":13},"end":{"line":39,"column":18}},{"start":{"line":39,"column":22},"end":{"line":39,"column":33}},{"start":{"line":39,"column":38},"end":{"line":39,"column":51}}],"line":39},"12":{"loc":{"start":{"line":40,"column":57},"end":{"line":40,"column":85}},"type":"binary-expr","locations":[{"start":{"line":40,"column":57},"end":{"line":40,"column":68}},{"start":{"line":40,"column":72},"end":{"line":40,"column":85}}],"line":40},"13":{"loc":{"start":{"line":42,"column":13},"end":{"line":47,"column":9}},"type":"if","locations":[{"start":{"line":42,"column":13},"end":{"line":47,"column":9}},{"start":{"line":42,"column":13},"end":{"line":47,"column":9}}],"line":42},"14":{"loc":{"start":{"line":48,"column":8},"end":{"line":55,"column":9}},"type":"if","locations":[{"start":{"line":48,"column":8},"end":{"line":55,"column":9}},{"start":{"line":48,"column":8},"end":{"line":55,"column":9}}],"line":48},"15":{"loc":{"start":{"line":59,"column":8},"end":{"line":66,"column":9}},"type":"if","locations":[{"start":{"line":59,"column":8},"end":{"line":66,"column":9}},{"start":{"line":59,"column":8},"end":{"line":66,"column":9}}],"line":59},"16":{"loc":{"start":{"line":74,"column":11},"end":{"line":74,"column":28}},"type":"default-arg","locations":[{"start":{"line":74,"column":23},"end":{"line":74,"column":28}}],"line":74},"17":{"loc":{"start":{"line":76,"column":8},"end":{"line":78,"column":9}},"type":"if","locations":[{"start":{"line":76,"column":8},"end":{"line":78,"column":9}},{"start":{"line":76,"column":8},"end":{"line":78,"column":9}}],"line":76}},"s":{"0":1,"1":1,"2":1,"3":0,"4":0,"5":0,"6":1,"7":0,"8":0,"9":0,"10":0,"11":0,"12":0,"13":0,"14":0,"15":0,"16":0,"17":0,"18":0,"19":0,"20":0,"21":0,"22":0,"23":0,"24":0,"25":0,"26":0,"27":0,"28":0,"29":0,"30":0,"31":0,"32":0,"33":0,"34":0,"35":0,"36":0,"37":0,"38":0,"39":0,"40":0,"41":0,"42":1},"f":{"0":0,"1":0,"2":0,"3":0},"b":{"0":[0],"1":[0,0],"2":[0],"3":[0,0],"4":[0,0],"5":[0,0,0],"6":[0,0],"7":[0,0],"8":[0,0,0],"9":[0,0],"10":[0,0],"11":[0,0,0],"12":[0,0],"13":[0,0],"14":[0,0],"15":[0,0],"16":[0],"17":[0,0]},"_coverageSchema":"43e27e138ebf9cfc5966b082cf9a028302ed4184","hash":"d1bf0687d7cf12ead554779b6732d60176795362"}
,"/Users/luiseduardobrito/Projects/nano/nano-monorepo/packages/errors/dist/index.js": {"path":"/Users/luiseduardobrito/Projects/nano/nano-monorepo/packages/errors/dist/index.js","statementMap":{"0":{"start":{"line":3,"column":4},"end":{"line":3,"column":71}},"1":{"start":{"line":3,"column":21},"end":{"line":3,"column":71}},"2":{"start":{"line":3,"column":53},"end":{"line":3,"column":71}},"3":{"start":{"line":5,"column":0},"end":{"line":5,"column":62}},"4":{"start":{"line":6,"column":0},"end":{"line":6,"column":33}},"5":{"start":{"line":7,"column":0},"end":{"line":7,"column":30}}},"fnMap":{"0":{"name":"__export","decl":{"start":{"line":2,"column":9},"end":{"line":2,"column":17}},"loc":{"start":{"line":2,"column":21},"end":{"line":4,"column":1}},"line":2}},"branchMap":{"0":{"loc":{"start":{"line":3,"column":21},"end":{"line":3,"column":71}},"type":"if","locations":[{"start":{"line":3,"column":21},"end":{"line":3,"column":71}},{"start":{"line":3,"column":21},"end":{"line":3,"column":71}}],"line":3}},"s":{"0":2,"1":4,"2":4,"3":1,"4":1,"5":1},"f":{"0":2},"b":{"0":[4,0]},"_coverageSchema":"43e27e138ebf9cfc5966b082cf9a028302ed4184","hash":"1399a6d522c88be79f7daad06bd35dc993e11ad1"}
,"/Users/luiseduardobrito/Projects/nano/nano-monorepo/packages/errors/dist/logger/Logger.js": {"path":"/Users/luiseduardobrito/Projects/nano/nano-monorepo/packages/errors/dist/logger/Logger.js","statementMap":{"0":{"start":{"line":2,"column":0},"end":{"line":2,"column":62}},"1":{"start":{"line":3,"column":16},"end":{"line":3,"column":34}},"2":{"start":{"line":4,"column":20},"end":{"line":4,"column":43}},"3":{"start":{"line":5,"column":16},"end":{"line":5,"column":35}},"4":{"start":{"line":8,"column":8},"end":{"line":8,"column":113}},"5":{"start":{"line":11,"column":8},"end":{"line":13,"column":9}},"6":{"start":{"line":12,"column":12},"end":{"line":12,"column":83}},"7":{"start":{"line":14,"column":8},"end":{"line":14,"column":29}},"8":{"start":{"line":17,"column":20},"end":{"line":19,"column":9}},"9":{"start":{"line":20,"column":23},"end":{"line":20,"column":131}},"10":{"start":{"line":22,"column":8},"end":{"line":24,"column":9}},"11":{"start":{"line":23,"column":12},"end":{"line":23,"column":35}},"12":{"start":{"line":25,"column":8},"end":{"line":25,"column":22}},"13":{"start":{"line":28,"column":0},"end":{"line":33,"column":2}},"14":{"start":{"line":34,"column":0},"end":{"line":34,"column":24}}},"fnMap":{"0":{"name":"(anonymous_0)","decl":{"start":{"line":7,"column":4},"end":{"line":7,"column":5}},"loc":{"start":{"line":7,"column":18},"end":{"line":9,"column":5}},"line":7},"1":{"name":"(anonymous_1)","decl":{"start":{"line":10,"column":4},"end":{"line":10,"column":5}},"loc":{"start":{"line":10,"column":25},"end":{"line":15,"column":5}},"line":10},"2":{"name":"(anonymous_2)","decl":{"start":{"line":16,"column":4},"end":{"line":16,"column":5}},"loc":{"start":{"line":16,"column":36},"end":{"line":26,"column":5}},"line":16}},"branchMap":{"0":{"loc":{"start":{"line":11,"column":8},"end":{"line":13,"column":9}},"type":"if","locations":[{"start":{"line":11,"column":8},"end":{"line":13,"column":9}},{"start":{"line":11,"column":8},"end":{"line":13,"column":9}}],"line":11},"1":{"loc":{"start":{"line":16,"column":22},"end":{"line":16,"column":34}},"type":"default-arg","locations":[{"start":{"line":16,"column":32},"end":{"line":16,"column":34}}],"line":16},"2":{"loc":{"start":{"line":18,"column":24},"end":{"line":18,"column":71}},"type":"binary-expr","locations":[{"start":{"line":18,"column":24},"end":{"line":18,"column":42}},{"start":{"line":18,"column":46},"end":{"line":18,"column":71}}],"line":18},"3":{"loc":{"start":{"line":22,"column":8},"end":{"line":24,"column":9}},"type":"if","locations":[{"start":{"line":22,"column":8},"end":{"line":24,"column":9}},{"start":{"line":22,"column":8},"end":{"line":24,"column":9}}],"line":22},"4":{"loc":{"start":{"line":30,"column":15},"end":{"line":30,"column":47}},"type":"binary-expr","locations":[{"start":{"line":30,"column":15},"end":{"line":30,"column":36}},{"start":{"line":30,"column":40},"end":{"line":30,"column":47}}],"line":30}},"s":{"0":1,"1":1,"2":1,"3":1,"4":0,"5":1,"6":0,"7":1,"8":1,"9":1,"10":1,"11":1,"12":1,"13":1,"14":1},"f":{"0":0,"1":1,"2":1},"b":{"0":[0,1],"1":[1],"2":[1,1],"3":[1,0],"4":[1,1]},"_coverageSchema":"43e27e138ebf9cfc5966b082cf9a028302ed4184","hash":"3eed62ed93bb4915a4bad3f9d608ba709cbc6099"}
,"/Users/luiseduardobrito/Projects/nano/nano-monorepo/packages/errors/dist/logger/SentryTransport.js": {"path":"/Users/luiseduardobrito/Projects/nano/nano-monorepo/packages/errors/dist/logger/SentryTransport.js","statementMap":{"0":{"start":{"line":2,"column":16},"end":{"line":9,"column":1}},"1":{"start":{"line":3,"column":4},"end":{"line":8,"column":7}},"2":{"start":{"line":4,"column":36},"end":{"line":4,"column":97}},"3":{"start":{"line":4,"column":42},"end":{"line":4,"column":70}},"4":{"start":{"line":4,"column":85},"end":{"line":4,"column":95}},"5":{"start":{"line":5,"column":35},"end":{"line":5,"column":100}},"6":{"start":{"line":5,"column":41},"end":{"line":5,"column":73}},"7":{"start":{"line":5,"column":88},"end":{"line":5,"column":98}},"8":{"start":{"line":6,"column":32},"end":{"line":6,"column":149}},"9":{"start":{"line":6,"column":97},"end":{"line":6,"column":119}},"10":{"start":{"line":7,"column":8},"end":{"line":7,"column":78}},"11":{"start":{"line":10,"column":0},"end":{"line":10,"column":62}},"12":{"start":{"line":11,"column":21},"end":{"line":11,"column":52}},"13":{"start":{"line":12,"column":15},"end":{"line":12,"column":38}},"14":{"start":{"line":13,"column":18},"end":{"line":13,"column":46}},"15":{"start":{"line":14,"column":20},"end":{"line":14,"column":43}},"16":{"start":{"line":15,"column":16},"end":{"line":15,"column":35}},"17":{"start":{"line":18,"column":8},"end":{"line":18,"column":23}},"18":{"start":{"line":19,"column":8},"end":{"line":19,"column":29}},"19":{"start":{"line":20,"column":8},"end":{"line":22,"column":27}},"20":{"start":{"line":25,"column":8},"end":{"line":39,"column":11}},"21":{"start":{"line":26,"column":12},"end":{"line":28,"column":13}},"22":{"start":{"line":27,"column":16},"end":{"line":27,"column":30}},"23":{"start":{"line":29,"column":25},"end":{"line":29,"column":56}},"24":{"start":{"line":30,"column":12},"end":{"line":37,"column":13}},"25":{"start":{"line":31,"column":30},"end":{"line":31,"column":67}},"26":{"start":{"line":32,"column":16},"end":{"line":32,"column":72}},"27":{"start":{"line":33,"column":16},"end":{"line":33,"column":47}},"28":{"start":{"line":36,"column":16},"end":{"line":36,"column":42}},"29":{"start":{"line":38,"column":12},"end":{"line":38,"column":19}},"30":{"start":{"line":42,"column":0},"end":{"line":42,"column":42}}},"fnMap":{"0":{"name":"(anonymous_0)","decl":{"start":{"line":2,"column":44},"end":{"line":2,"column":45}},"loc":{"start":{"line":2,"column":89},"end":{"line":9,"column":1}},"line":2},"1":{"name":"(anonymous_1)","decl":{"start":{"line":3,"column":36},"end":{"line":3,"column":37}},"loc":{"start":{"line":3,"column":63},"end":{"line":8,"column":5}},"line":3},"2":{"name":"fulfilled","decl":{"start":{"line":4,"column":17},"end":{"line":4,"column":26}},"loc":{"start":{"line":4,"column":34},"end":{"line":4,"column":99}},"line":4},"3":{"name":"rejected","decl":{"start":{"line":5,"column":17},"end":{"line":5,"column":25}},"loc":{"start":{"line":5,"column":33},"end":{"line":5,"column":102}},"line":5},"4":{"name":"step","decl":{"start":{"line":6,"column":17},"end":{"line":6,"column":21}},"loc":{"start":{"line":6,"column":30},"end":{"line":6,"column":151}},"line":6},"5":{"name":"(anonymous_5)","decl":{"start":{"line":6,"column":76},"end":{"line":6,"column":77}},"loc":{"start":{"line":6,"column":95},"end":{"line":6,"column":121}},"line":6},"6":{"name":"(anonymous_6)","decl":{"start":{"line":17,"column":4},"end":{"line":17,"column":5}},"loc":{"start":{"line":17,"column":25},"end":{"line":23,"column":5}},"line":17},"7":{"name":"(anonymous_7)","decl":{"start":{"line":24,"column":4},"end":{"line":24,"column":5}},"loc":{"start":{"line":24,"column":20},"end":{"line":40,"column":5}},"line":24},"8":{"name":"(anonymous_8)","decl":{"start":{"line":25,"column":47},"end":{"line":25,"column":48}},"loc":{"start":{"line":25,"column":60},"end":{"line":39,"column":9}},"line":25}},"branchMap":{"0":{"loc":{"start":{"line":2,"column":16},"end":{"line":9,"column":1}},"type":"binary-expr","locations":[{"start":{"line":2,"column":17},"end":{"line":2,"column":21}},{"start":{"line":2,"column":25},"end":{"line":2,"column":39}},{"start":{"line":2,"column":44},"end":{"line":9,"column":1}}],"line":2},"1":{"loc":{"start":{"line":3,"column":16},"end":{"line":3,"column":34}},"type":"binary-expr","locations":[{"start":{"line":3,"column":16},"end":{"line":3,"column":17}},{"start":{"line":3,"column":22},"end":{"line":3,"column":33}}],"line":3},"2":{"loc":{"start":{"line":6,"column":32},"end":{"line":6,"column":148}},"type":"cond-expr","locations":[{"start":{"line":6,"column":46},"end":{"line":6,"column":67}},{"start":{"line":6,"column":70},"end":{"line":6,"column":148}}],"line":6},"3":{"loc":{"start":{"line":7,"column":51},"end":{"line":7,"column":67}},"type":"binary-expr","locations":[{"start":{"line":7,"column":51},"end":{"line":7,"column":61}},{"start":{"line":7,"column":65},"end":{"line":7,"column":67}}],"line":7},"4":{"loc":{"start":{"line":26,"column":12},"end":{"line":28,"column":13}},"type":"if","locations":[{"start":{"line":26,"column":12},"end":{"line":28,"column":13}},{"start":{"line":26,"column":12},"end":{"line":28,"column":13}}],"line":26},"5":{"loc":{"start":{"line":30,"column":12},"end":{"line":37,"column":13}},"type":"if","locations":[{"start":{"line":30,"column":12},"end":{"line":37,"column":13}},{"start":{"line":30,"column":12},"end":{"line":37,"column":13}}],"line":30},"6":{"loc":{"start":{"line":32,"column":29},"end":{"line":32,"column":71}},"type":"binary-expr","locations":[{"start":{"line":32,"column":29},"end":{"line":32,"column":41}},{"start":{"line":32,"column":45},"end":{"line":32,"column":71}}],"line":32}},"s":{"0":1,"1":0,"2":0,"3":0,"4":0,"5":0,"6":0,"7":0,"8":0,"9":0,"10":0,"11":1,"12":1,"13":1,"14":1,"15":1,"16":1,"17":0,"18":0,"19":0,"20":0,"21":0,"22":0,"23":0,"24":0,"25":0,"26":0,"27":0,"28":0,"29":0,"30":1},"f":{"0":0,"1":0,"2":0,"3":0,"4":0,"5":0,"6":0,"7":0,"8":0},"b":{"0":[1,1,1],"1":[0,0],"2":[0,0],"3":[0,0],"4":[0,0],"5":[0,0],"6":[0,0]},"_coverageSchema":"43e27e138ebf9cfc5966b082cf9a028302ed4184","hash":"efb82719cdce5d6aceeb35d50091dc5b70d37a67"}
,"/Users/luiseduardobrito/Projects/nano/nano-monorepo/packages/errors/dist/logger/index.js": {"path":"/Users/luiseduardobrito/Projects/nano/nano-monorepo/packages/errors/dist/logger/index.js","statementMap":{"0":{"start":{"line":3,"column":4},"end":{"line":3,"column":71}},"1":{"start":{"line":3,"column":21},"end":{"line":3,"column":71}},"2":{"start":{"line":3,"column":53},"end":{"line":3,"column":71}},"3":{"start":{"line":5,"column":0},"end":{"line":5,"column":62}},"4":{"start":{"line":6,"column":0},"end":{"line":6,"column":30}},"5":{"start":{"line":7,"column":0},"end":{"line":7,"column":39}}},"fnMap":{"0":{"name":"__export","decl":{"start":{"line":2,"column":9},"end":{"line":2,"column":17}},"loc":{"start":{"line":2,"column":21},"end":{"line":4,"column":1}},"line":2}},"branchMap":{"0":{"loc":{"start":{"line":3,"column":21},"end":{"line":3,"column":71}},"type":"if","locations":[{"start":{"line":3,"column":21},"end":{"line":3,"column":71}},{"start":{"line":3,"column":21},"end":{"line":3,"column":71}}],"line":3}},"s":{"0":2,"1":2,"2":2,"3":1,"4":1,"5":1},"f":{"0":2},"b":{"0":[2,0]},"_coverageSchema":"43e27e138ebf9cfc5966b082cf9a028302ed4184","hash":"844ba585c088fa69b0c55f2be78e0d4389d385d6"}
,"/Users/luiseduardobrito/Projects/nano/nano-monorepo/packages/errors/dist/utils/error.utils.js": {"path":"/Users/luiseduardobrito/Projects/nano/nano-monorepo/packages/errors/dist/utils/error.utils.js","statementMap":{"0":{"start":{"line":2,"column":0},"end":{"line":2,"column":62}},"1":{"start":{"line":3,"column":0},"end":{"line":9,"column":2}},"2":{"start":{"line":4,"column":18},"end":{"line":4,"column":49}},"3":{"start":{"line":5,"column":19},"end":{"line":5,"column":32}},"4":{"start":{"line":6,"column":4},"end":{"line":6,"column":44}},"5":{"start":{"line":7,"column":4},"end":{"line":7,"column":61}},"6":{"start":{"line":8,"column":4},"end":{"line":8,"column":28}}},"fnMap":{"0":{"name":"(anonymous_0)","decl":{"start":{"line":3,"column":28},"end":{"line":3,"column":29}},"loc":{"start":{"line":3,"column":64},"end":{"line":9,"column":1}},"line":3}},"branchMap":{},"s":{"0":1,"1":1,"2":0,"3":0,"4":0,"5":0,"6":0},"f":{"0":0},"b":{},"_coverageSchema":"43e27e138ebf9cfc5966b082cf9a028302ed4184","hash":"ee4256420cc3fdadb94a6cc5f764554524f45fba"}
,"/Users/luiseduardobrito/Projects/nano/nano-monorepo/packages/errors/dist/utils/index.js": {"path":"/Users/luiseduardobrito/Projects/nano/nano-monorepo/packages/errors/dist/utils/index.js","statementMap":{"0":{"start":{"line":3,"column":4},"end":{"line":3,"column":71}},"1":{"start":{"line":3,"column":21},"end":{"line":3,"column":71}},"2":{"start":{"line":3,"column":53},"end":{"line":3,"column":71}},"3":{"start":{"line":5,"column":0},"end":{"line":5,"column":62}},"4":{"start":{"line":6,"column":0},"end":{"line":6,"column":35}},"5":{"start":{"line":7,"column":0},"end":{"line":7,"column":36}}},"fnMap":{"0":{"name":"__export","decl":{"start":{"line":2,"column":9},"end":{"line":2,"column":17}},"loc":{"start":{"line":2,"column":21},"end":{"line":4,"column":1}},"line":2}},"branchMap":{"0":{"loc":{"start":{"line":3,"column":21},"end":{"line":3,"column":71}},"type":"if","locations":[{"start":{"line":3,"column":21},"end":{"line":3,"column":71}},{"start":{"line":3,"column":21},"end":{"line":3,"column":71}}],"line":3}},"s":{"0":2,"1":5,"2":5,"3":1,"4":1,"5":1},"f":{"0":2},"b":{"0":[5,0]},"_coverageSchema":"43e27e138ebf9cfc5966b082cf9a028302ed4184","hash":"116886a1b2c4290ba806d8a47ce0cbf301b23d7c"}
,"/Users/luiseduardobrito/Projects/nano/nano-monorepo/packages/errors/dist/utils/logger.utils.js": {"path":"/Users/luiseduardobrito/Projects/nano/nano-monorepo/packages/errors/dist/utils/logger.utils.js","statementMap":{"0":{"start":{"line":2,"column":13},"end":{"line":10,"column":1}},"1":{"start":{"line":3,"column":12},"end":{"line":3,"column":14}},"2":{"start":{"line":4,"column":4},"end":{"line":5,"column":20}},"3":{"start":{"line":4,"column":21},"end":{"line":5,"column":20}},"4":{"start":{"line":5,"column":8},"end":{"line":5,"column":20}},"5":{"start":{"line":6,"column":4},"end":{"line":8,"column":30}},"6":{"start":{"line":7,"column":8},"end":{"line":8,"column":30}},"7":{"start":{"line":7,"column":21},"end":{"line":7,"column":22}},"8":{"start":{"line":7,"column":28},"end":{"line":7,"column":59}},"9":{"start":{"line":7,"column":80},"end":{"line":8,"column":30}},"10":{"start":{"line":8,"column":12},"end":{"line":8,"column":30}},"11":{"start":{"line":9,"column":4},"end":{"line":9,"column":13}},"12":{"start":{"line":11,"column":0},"end":{"line":11,"column":62}},"13":{"start":{"line":12,"column":30},"end":{"line":12,"column":60}},"14":{"start":{"line":13,"column":11},"end":{"line":13,"column":24}},"15":{"start":{"line":14,"column":22},"end":{"line":14,"column":44}},"16":{"start":{"line":15,"column":18},"end":{"line":15,"column":36}},"17":{"start":{"line":16,"column":20},"end":{"line":16,"column":43}},"18":{"start":{"line":17,"column":0},"end":{"line":27,"column":3}},"19":{"start":{"line":18,"column":28},"end":{"line":18,"column":151}},"20":{"start":{"line":19,"column":20},"end":{"line":19,"column":66}},"21":{"start":{"line":20,"column":4},"end":{"line":25,"column":5}},"22":{"start":{"line":21,"column":8},"end":{"line":21,"column":100}},"23":{"start":{"line":24,"column":8},"end":{"line":24,"column":81}},"24":{"start":{"line":26,"column":4},"end":{"line":26,"column":16}},"25":{"start":{"line":28,"column":0},"end":{"line":42,"column":3}},"26":{"start":{"line":29,"column":4},"end":{"line":31,"column":5}},"27":{"start":{"line":30,"column":8},"end":{"line":30,"column":105}},"28":{"start":{"line":32,"column":4},"end":{"line":34,"column":5}},"29":{"start":{"line":33,"column":8},"end":{"line":33,"column":105}},"30":{"start":{"line":35,"column":4},"end":{"line":37,"column":5}},"31":{"start":{"line":36,"column":8},"end":{"line":36,"column":81}},"32":{"start":{"line":38,"column":4},"end":{"line":40,"column":5}},"33":{"start":{"line":39,"column":8},"end":{"line":39,"column":81}},"34":{"start":{"line":41,"column":4},"end":{"line":41,"column":16}},"35":{"start":{"line":43,"column":0},"end":{"line":51,"column":2}},"36":{"start":{"line":52,"column":0},"end":{"line":70,"column":2}},"37":{"start":{"line":53,"column":15},"end":{"line":53,"column":38}},"38":{"start":{"line":53,"column":122},"end":{"line":53,"column":124}},"39":{"start":{"line":53,"column":134},"end":{"line":53,"column":201}},"40":{"start":{"line":55,"column":4},"end":{"line":59,"column":5}},"41":{"start":{"line":56,"column":22},"end":{"line":56,"column":45}},"42":{"start":{"line":57,"column":8},"end":{"line":57,"column":32}},"43":{"start":{"line":58,"column":8},"end":{"line":58,"column":28}},"44":{"start":{"line":60,"column":19},"end":{"line":68,"column":5}},"45":{"start":{"line":69,"column":4},"end":{"line":69,"column":18}}},"fnMap":{"0":{"name":"(anonymous_0)","decl":{"start":{"line":2,"column":38},"end":{"line":2,"column":39}},"loc":{"start":{"line":2,"column":54},"end":{"line":10,"column":1}},"line":2},"1":{"name":"(anonymous_1)","decl":{"start":{"line":17,"column":38},"end":{"line":17,"column":39}},"loc":{"start":{"line":17,"column":48},"end":{"line":27,"column":1}},"line":17},"2":{"name":"(anonymous_2)","decl":{"start":{"line":28,"column":48},"end":{"line":28,"column":49}},"loc":{"start":{"line":28,"column":58},"end":{"line":42,"column":1}},"line":28},"3":{"name":"(anonymous_3)","decl":{"start":{"line":52,"column":28},"end":{"line":52,"column":29}},"loc":{"start":{"line":52,"column":38},"end":{"line":70,"column":1}},"line":52}},"branchMap":{"0":{"loc":{"start":{"line":2,"column":13},"end":{"line":10,"column":1}},"type":"binary-expr","locations":[{"start":{"line":2,"column":14},"end":{"line":2,"column":18}},{"start":{"line":2,"column":22},"end":{"line":2,"column":33}},{"start":{"line":2,"column":38},"end":{"line":10,"column":1}}],"line":2},"1":{"loc":{"start":{"line":4,"column":21},"end":{"line":5,"column":20}},"type":"if","locations":[{"start":{"line":4,"column":21},"end":{"line":5,"column":20}},{"start":{"line":4,"column":21},"end":{"line":5,"column":20}}],"line":4},"2":{"loc":{"start":{"line":4,"column":25},"end":{"line":4,"column":87}},"type":"binary-expr","locations":[{"start":{"line":4,"column":25},"end":{"line":4,"column":67}},{"start":{"line":4,"column":71},"end":{"line":4,"column":87}}],"line":4},"3":{"loc":{"start":{"line":6,"column":4},"end":{"line":8,"column":30}},"type":"if","locations":[{"start":{"line":6,"column":4},"end":{"line":8,"column":30}},{"start":{"line":6,"column":4},"end":{"line":8,"column":30}}],"line":6},"4":{"loc":{"start":{"line":6,"column":8},"end":{"line":6,"column":71}},"type":"binary-expr","locations":[{"start":{"line":6,"column":8},"end":{"line":6,"column":17}},{"start":{"line":6,"column":21},"end":{"line":6,"column":71}}],"line":6},"5":{"loc":{"start":{"line":7,"column":80},"end":{"line":8,"column":30}},"type":"if","locations":[{"start":{"line":7,"column":80},"end":{"line":8,"column":30}},{"start":{"line":7,"column":80},"end":{"line":8,"column":30}}],"line":7},"6":{"loc":{"start":{"line":19,"column":20},"end":{"line":19,"column":66}},"type":"binary-expr","locations":[{"start":{"line":19,"column":20},"end":{"line":19,"column":32}},{"start":{"line":19,"column":36},"end":{"line":19,"column":60}},{"start":{"line":19,"column":64},"end":{"line":19,"column":66}}],"line":19},"7":{"loc":{"start":{"line":20,"column":4},"end":{"line":25,"column":5}},"type":"if","locations":[{"start":{"line":20,"column":4},"end":{"line":25,"column":5}},{"start":{"line":20,"column":4},"end":{"line":25,"column":5}}],"line":20},"8":{"loc":{"start":{"line":29,"column":4},"end":{"line":31,"column":5}},"type":"if","locations":[{"start":{"line":29,"column":4},"end":{"line":31,"column":5}},{"start":{"line":29,"column":4},"end":{"line":31,"column":5}}],"line":29},"9":{"loc":{"start":{"line":32,"column":4},"end":{"line":34,"column":5}},"type":"if","locations":[{"start":{"line":32,"column":4},"end":{"line":34,"column":5}},{"start":{"line":32,"column":4},"end":{"line":34,"column":5}}],"line":32},"10":{"loc":{"start":{"line":35,"column":4},"end":{"line":37,"column":5}},"type":"if","locations":[{"start":{"line":35,"column":4},"end":{"line":37,"column":5}},{"start":{"line":35,"column":4},"end":{"line":37,"column":5}}],"line":35},"11":{"loc":{"start":{"line":38,"column":4},"end":{"line":40,"column":5}},"type":"if","locations":[{"start":{"line":38,"column":4},"end":{"line":40,"column":5}},{"start":{"line":38,"column":4},"end":{"line":40,"column":5}}],"line":38},"12":{"loc":{"start":{"line":53,"column":64},"end":{"line":53,"column":88}},"type":"default-arg","locations":[{"start":{"line":53,"column":75},"end":{"line":53,"column":88}}],"line":53},"13":{"loc":{"start":{"line":53,"column":90},"end":{"line":53,"column":117}},"type":"default-arg","locations":[{"start":{"line":53,"column":104},"end":{"line":53,"column":117}}],"line":53},"14":{"loc":{"start":{"line":55,"column":4},"end":{"line":59,"column":5}},"type":"if","locations":[{"start":{"line":55,"column":4},"end":{"line":59,"column":5}},{"start":{"line":55,"column":4},"end":{"line":59,"column":5}}],"line":55},"15":{"loc":{"start":{"line":66,"column":17},"end":{"line":66,"column":53}},"type":"binary-expr","locations":[{"start":{"line":66,"column":17},"end":{"line":66,"column":37}},{"start":{"line":66,"column":41},"end":{"line":66,"column":53}}],"line":66}},"s":{"0":1,"1":0,"2":0,"3":0,"4":0,"5":0,"6":0,"7":0,"8":0,"9":0,"10":0,"11":0,"12":1,"13":1,"14":1,"15":1,"16":1,"17":1,"18":1,"19":8,"20":8,"21":8,"22":5,"23":3,"24":8,"25":1,"26":16,"27":0,"28":16,"29":0,"30":16,"31":0,"32":16,"33":0,"34":16,"35":1,"36":1,"37":0,"38":0,"39":0,"40":0,"41":0,"42":0,"43":0,"44":0,"45":0},"f":{"0":0,"1":8,"2":16,"3":0},"b":{"0":[1,1,1],"1":[0,0],"2":[0,0],"3":[0,0],"4":[0,0],"5":[0,0],"6":[8,0,8],"7":[5,3],"8":[0,16],"9":[0,16],"10":[0,16],"11":[0,16],"12":[0],"13":[0],"14":[0,0],"15":[0,0]},"_coverageSchema":"43e27e138ebf9cfc5966b082cf9a028302ed4184","hash":"afeeaf47671bef7b4be8961cd835ed918f0c98d6"}
}
