TN:
SF:/Users/luiseduardobrito/Projects/nano/nano-monorepo/packages/app/examples/simple.ts
FN:14,(anonymous_0)
FNF:1
FNH:1
FNDA:1,(anonymous_0)
DA:1,1
DA:2,1
DA:14,1
DA:15,1
LF:4
LH:4
BRF:0
BRH:0
end_of_record
TN:
SF:/Users/luiseduardobrito/Projects/nano/nano-monorepo/packages/app/examples/components/TimerComponent.ts
FN:4,(anonymous_0)
FN:23,(anonymous_1)
FN:28,(anonymous_2)
FN:34,(anonymous_3)
FN:46,(anonymous_4)
FN:49,(anonymous_5)
FN:53,(anonymous_6)
FNF:7
FNH:7
FNDA:1,(anonymous_0)
FNDA:1,(anonymous_1)
FNDA:1,(anonymous_2)
FNDA:1,(anonymous_3)
FNDA:1,(anonymous_4)
FNDA:1,(anonymous_5)
FNDA:1,(anonymous_6)
DA:1,1
DA:4,1
DA:5,1
DA:8,1
DA:15,1
DA:16,1
DA:24,1
DA:29,1
DA:30,1
DA:35,1
DA:37,1
DA:38,1
DA:41,1
DA:42,1
DA:47,1
DA:48,1
DA:49,1
DA:54,1
DA:55,1
LF:19
LH:19
BRDA:37,0,0,1
BRDA:37,0,1,0
BRF:2
BRH:1
end_of_record
TN:
SF:/Users/luiseduardobrito/Projects/nano/nano-monorepo/packages/app/lib/Application.ts
FN:11,(anonymous_6)
FN:19,(anonymous_7)
FN:26,(anonymous_8)
FN:33,(anonymous_11)
FN:40,(anonymous_12)
FN:47,(anonymous_15)
FN:56,(anonymous_17)
FNF:7
FNH:7
FNDA:1,(anonymous_6)
FNDA:1,(anonymous_7)
FNDA:1,(anonymous_8)
FNDA:1,(anonymous_11)
FNDA:1,(anonymous_12)
FNDA:1,(anonymous_15)
FNDA:1,(anonymous_17)
DA:1,1
DA:2,1
DA:8,1
DA:12,1
DA:13,1
DA:20,1
DA:27,1
DA:34,1
DA:41,1
DA:48,1
DA:49,1
DA:50,1
DA:57,1
LF:13
LH:13
BRDA:11,0,0,1
BRDA:12,1,0,1
BRDA:12,1,1,1
BRF:3
BRH:3
end_of_record
TN:
SF:/Users/luiseduardobrito/Projects/nano/nano-monorepo/packages/app/lib/index.ts
FNF:0
FNH:0
DA:1,1
LF:1
LH:1
BRF:0
BRH:0
end_of_record
TN:
SF:/Users/luiseduardobrito/Projects/nano/nano-monorepo/packages/app/lib/component/ComponentGroup.ts
FN:17,(anonymous_6)
FN:25,(anonymous_7)
FN:26,(anonymous_8)
FN:35,(anonymous_9)
FN:36,(anonymous_11)
FN:47,(anonymous_12)
FN:48,(anonymous_14)
FN:59,(anonymous_15)
FN:60,(anonymous_16)
FN:69,(anonymous_17)
FN:76,(anonymous_18)
FNF:11
FNH:9
FNDA:1,(anonymous_6)
FNDA:1,(anonymous_7)
FNDA:1,(anonymous_8)
FNDA:1,(anonymous_9)
FNDA:1,(anonymous_11)
FNDA:1,(anonymous_12)
FNDA:1,(anonymous_14)
FNDA:1,(anonymous_15)
FNDA:1,(anonymous_16)
FNDA:0,(anonymous_17)
FNDA:0,(anonymous_18)
DA:3,1
DA:13,1
DA:17,1
DA:18,1
DA:19,1
DA:26,1
DA:27,1
DA:28,1
DA:36,1
DA:37,1
DA:38,1
DA:39,0
DA:48,1
DA:49,1
DA:50,1
DA:51,0
DA:60,1
DA:61,1
DA:62,1
DA:70,0
DA:77,0
LF:21
LH:17
BRDA:17,0,0,0
BRDA:18,1,0,1
BRDA:18,1,1,0
BRDA:19,2,0,1
BRDA:19,2,1,1
BRDA:19,2,2,1
BRDA:38,3,0,0
BRDA:38,3,1,1
BRDA:50,4,0,0
BRDA:50,4,1,1
BRF:10
BRH:6
end_of_record
TN:
SF:/Users/luiseduardobrito/Projects/nano/nano-monorepo/packages/errors/dist/BaseError.js
FN:6,(anonymous_0)
FN:16,(anonymous_1)
FN:57,(anonymous_2)
FN:74,(anonymous_3)
FNF:4
FNH:0
FNDA:0,(anonymous_0)
FNDA:0,(anonymous_1)
FNDA:0,(anonymous_2)
FNDA:0,(anonymous_3)
DA:2,1
DA:3,1
DA:4,1
DA:7,0
DA:8,0
DA:9,0
DA:14,1
DA:19,0
DA:20,0
DA:21,0
DA:22,0
DA:23,0
DA:25,0
DA:26,0
DA:27,0
DA:28,0
DA:31,0
DA:32,0
DA:34,0
DA:35,0
DA:36,0
DA:37,0
DA:38,0
DA:39,0
DA:40,0
DA:42,0
DA:43,0
DA:46,0
DA:48,0
DA:49,0
DA:50,0
DA:53,0
DA:58,0
DA:59,0
DA:60,0
DA:61,0
DA:64,0
DA:67,0
DA:75,0
DA:76,0
DA:77,0
DA:79,0
DA:82,1
LF:43
LH:5
BRDA:6,0,0,0
BRDA:8,1,0,0
BRDA:8,1,1,0
BRDA:16,2,0,0
BRDA:20,3,0,0
BRDA:20,3,1,0
BRDA:20,4,0,0
BRDA:20,4,1,0
BRDA:23,5,0,0
BRDA:23,5,1,0
BRDA:23,5,2,0
BRDA:25,6,0,0
BRDA:25,6,1,0
BRDA:25,7,0,0
BRDA:25,7,1,0
BRDA:28,8,0,0
BRDA:28,8,1,0
BRDA:28,8,2,0
BRDA:38,9,0,0
BRDA:38,9,1,0
BRDA:39,10,0,0
BRDA:39,10,1,0
BRDA:39,11,0,0
BRDA:39,11,1,0
BRDA:39,11,2,0
BRDA:40,12,0,0
BRDA:40,12,1,0
BRDA:42,13,0,0
BRDA:42,13,1,0
BRDA:48,14,0,0
BRDA:48,14,1,0
BRDA:59,15,0,0
BRDA:59,15,1,0
BRDA:74,16,0,0
BRDA:76,17,0,0
BRDA:76,17,1,0
BRF:36
BRH:0
end_of_record
TN:
SF:/Users/luiseduardobrito/Projects/nano/nano-monorepo/packages/errors/dist/index.js
FN:2,__export
FNF:1
FNH:1
FNDA:2,__export
DA:3,4
DA:5,1
DA:6,1
DA:7,1
LF:4
LH:4
BRDA:3,0,0,4
BRDA:3,0,1,0
BRF:2
BRH:1
end_of_record
TN:
SF:/Users/luiseduardobrito/Projects/nano/nano-monorepo/packages/errors/dist/logger/Logger.js
FN:7,(anonymous_0)
FN:10,(anonymous_1)
FN:16,(anonymous_2)
FNF:3
FNH:2
FNDA:0,(anonymous_0)
FNDA:1,(anonymous_1)
FNDA:1,(anonymous_2)
DA:2,1
DA:3,1
DA:4,1
DA:5,1
DA:8,0
DA:11,1
DA:12,0
DA:14,1
DA:17,1
DA:20,1
DA:22,1
DA:23,1
DA:25,1
DA:28,1
DA:34,1
LF:15
LH:13
BRDA:11,0,0,0
BRDA:11,0,1,1
BRDA:16,1,0,1
BRDA:18,2,0,1
BRDA:18,2,1,1
BRDA:22,3,0,1
BRDA:22,3,1,0
BRDA:30,4,0,1
BRDA:30,4,1,1
BRF:9
BRH:7
end_of_record
TN:
SF:/Users/luiseduardobrito/Projects/nano/nano-monorepo/packages/errors/dist/logger/SentryTransport.js
FN:2,(anonymous_0)
FN:3,(anonymous_1)
FN:4,fulfilled
FN:5,rejected
FN:6,step
FN:6,(anonymous_5)
FN:17,(anonymous_6)
FN:24,(anonymous_7)
FN:25,(anonymous_8)
FNF:9
FNH:0
FNDA:0,(anonymous_0)
FNDA:0,(anonymous_1)
FNDA:0,fulfilled
FNDA:0,rejected
FNDA:0,step
FNDA:0,(anonymous_5)
FNDA:0,(anonymous_6)
FNDA:0,(anonymous_7)
FNDA:0,(anonymous_8)
DA:2,1
DA:3,0
DA:4,0
DA:5,0
DA:6,0
DA:7,0
DA:10,1
DA:11,1
DA:12,1
DA:13,1
DA:14,1
DA:15,1
DA:18,0
DA:19,0
DA:20,0
DA:25,0
DA:26,0
DA:27,0
DA:29,0
DA:30,0
DA:31,0
DA:32,0
DA:33,0
DA:36,0
DA:38,0
DA:42,1
LF:26
LH:8
BRDA:2,0,0,1
BRDA:2,0,1,1
BRDA:2,0,2,1
BRDA:3,1,0,0
BRDA:3,1,1,0
BRDA:6,2,0,0
BRDA:6,2,1,0
BRDA:7,3,0,0
BRDA:7,3,1,0
BRDA:26,4,0,0
BRDA:26,4,1,0
BRDA:30,5,0,0
BRDA:30,5,1,0
BRDA:32,6,0,0
BRDA:32,6,1,0
BRF:15
BRH:3
end_of_record
TN:
SF:/Users/luiseduardobrito/Projects/nano/nano-monorepo/packages/errors/dist/logger/index.js
FN:2,__export
FNF:1
FNH:1
FNDA:2,__export
DA:3,2
DA:5,1
DA:6,1
DA:7,1
LF:4
LH:4
BRDA:3,0,0,2
BRDA:3,0,1,0
BRF:2
BRH:1
end_of_record
TN:
SF:/Users/luiseduardobrito/Projects/nano/nano-monorepo/packages/errors/dist/utils/error.utils.js
FN:3,(anonymous_0)
FNF:1
FNH:0
FNDA:0,(anonymous_0)
DA:2,1
DA:3,1
DA:4,0
DA:5,0
DA:6,0
DA:7,0
DA:8,0
LF:7
LH:2
BRF:0
BRH:0
end_of_record
TN:
SF:/Users/luiseduardobrito/Projects/nano/nano-monorepo/packages/errors/dist/utils/index.js
FN:2,__export
FNF:1
FNH:1
FNDA:2,__export
DA:3,5
DA:5,1
DA:6,1
DA:7,1
LF:4
LH:4
BRDA:3,0,0,5
BRDA:3,0,1,0
BRF:2
BRH:1
end_of_record
TN:
SF:/Users/luiseduardobrito/Projects/nano/nano-monorepo/packages/errors/dist/utils/logger.utils.js
FN:2,(anonymous_0)
FN:17,(anonymous_1)
FN:28,(anonymous_2)
FN:52,(anonymous_3)
FNF:4
FNH:2
FNDA:0,(anonymous_0)
FNDA:8,(anonymous_1)
FNDA:16,(anonymous_2)
FNDA:0,(anonymous_3)
DA:2,1
DA:3,0
DA:4,0
DA:5,0
DA:6,0
DA:7,0
DA:8,0
DA:9,0
DA:11,1
DA:12,1
DA:13,1
DA:14,1
DA:15,1
DA:16,1
DA:17,1
DA:18,8
DA:19,8
DA:20,8
DA:21,5
DA:24,3
DA:26,8
DA:28,1
DA:29,16
DA:30,0
DA:32,16
DA:33,0
DA:35,16
DA:36,0
DA:38,16
DA:39,0
DA:41,16
DA:43,1
DA:52,1
DA:53,0
DA:55,0
DA:56,0
DA:57,0
DA:58,0
DA:60,0
DA:69,0
LF:40
LH:22
BRDA:2,0,0,1
BRDA:2,0,1,1
BRDA:2,0,2,1
BRDA:4,1,0,0
BRDA:4,1,1,0
BRDA:4,2,0,0
BRDA:4,2,1,0
BRDA:6,3,0,0
BRDA:6,3,1,0
BRDA:6,4,0,0
BRDA:6,4,1,0
BRDA:7,5,0,0
BRDA:7,5,1,0
BRDA:19,6,0,8
BRDA:19,6,1,0
BRDA:19,6,2,8
BRDA:20,7,0,5
BRDA:20,7,1,3
BRDA:29,8,0,0
BRDA:29,8,1,16
BRDA:32,9,0,0
BRDA:32,9,1,16
BRDA:35,10,0,0
BRDA:35,10,1,16
BRDA:38,11,0,0
BRDA:38,11,1,16
BRDA:53,12,0,0
BRDA:53,13,0,0
BRDA:55,14,0,0
BRDA:55,14,1,0
BRDA:66,15,0,0
BRDA:66,15,1,0
BRF:32
BRH:11
end_of_record
